<?xml version="1.0" encoding="UTF-8"?>
<!-- Generated by org.testng.reporters.JUnitReportReporter -->
<testsuite hostname="DESKTOP-781TC0U" failures="0" tests="1" name="com.inetbanking.testCases.Tc_LoginTest_001" time="2.193" errors="0" timestamp="2022-05-09T21:31:41 EDT" skipped="0">
  <testcase classname="com.inetbanking.testCases.Tc_LoginTest_001" name="LoginTest" time="2.193"/>
  <system-out/>
</testsuite> <!-- com.inetbanking.testCases.Tc_LoginTest_001 -->
